<?xml version="1.0" encoding="UTF-8"?>
<testsuite name="game.GameOfLifeTest" tests="34" skipped="0" failures="0" errors="0" timestamp="2019-09-19T22:36:40" hostname="Fahads-MacBook-Pro" time="0.213">
  <properties/>
  <testcase name="parsePointsEmptyTest()" classname="game.GameOfLifeTest" time="0.044"/>
  <testcase name="getBoundsTwoPointsBehavior()" classname="game.GameOfLifeTest" time="0.001"/>
  <testcase name="nextGenerationBehaviorForOneCell()" classname="game.GameOfLifeTest" time="0.02"/>
  <testcase name="countSignals1PointTo1()" classname="game.GameOfLifeTest" time="0.001"/>
  <testcase name="canary()" classname="game.GameOfLifeTest" time="0.001"/>
  <testcase name="parsePointsTwoPointTest()" classname="game.GameOfLifeTest" time="0.007"/>
  <testcase name="generateSignalsForPositions1Generates8()" classname="game.GameOfLifeTest" time="0.001"/>
  <testcase name="parsePointsOnePointTest()" classname="game.GameOfLifeTest" time="0.017"/>
  <testcase name="parsePointsTwoSamePointTest()" classname="game.GameOfLifeTest" time="0.001"/>
  <testcase name="gliderTransition()" classname="game.GameOfLifeTest" time="0.003"/>
  <testcase name="getBoundsThreePointsBehavior()" classname="game.GameOfLifeTest" time="0.002"/>
  <testcase name="countSignals3PointsWith2SameMapsTo2Keys()" classname="game.GameOfLifeTest" time="0.002"/>
  <testcase name="generateSignalsForPositions2Generates16()" classname="game.GameOfLifeTest" time="0.001"/>
  <testcase name="generateSignalsForPositions3Generates24()" classname="game.GameOfLifeTest" time="0.001"/>
  <testcase name="countSignals0PointsEmptyMap()" classname="game.GameOfLifeTest" time="0.006"/>
  <testcase name="beeHiveToBeeHive()" classname="game.GameOfLifeTest" time="0.007"/>
  <testcase name="nextGenerationBehaviorFor_2_3_and_2_4()" classname="game.GameOfLifeTest" time="0.001"/>
  <testcase name="getBoundsFourPointsBehavior()" classname="game.GameOfLifeTest" time="0.001"/>
  <testcase name="generateSignalsForPositions0Generates0()" classname="game.GameOfLifeTest" time="0.002"/>
  <testcase name="aliveCellBehaviors()" classname="game.GameOfLifeTest" time="0.002"/>
  <testcase name="nextGenerationBehaviorForEmptyWorld()" classname="game.GameOfLifeTest" time="0.001"/>
  <testcase name="getBoundsEmptyListBehavior()" classname="game.GameOfLifeTest" time="0.002"/>
  <testcase name="horizontalBlinkerToVerticalBlinker()" classname="game.GameOfLifeTest" time="0.005"/>
  <testcase name="verticalBlinkerToHorizontalBlinker()" classname="game.GameOfLifeTest" time="0.001"/>
  <testcase name="generateSignalsForPosition0_0()" classname="game.GameOfLifeTest" time="0.0"/>
  <testcase name="generateSignalsForPosition2_4()" classname="game.GameOfLifeTest" time="0.001"/>
  <testcase name="generateSignalsForPosition3_3()" classname="game.GameOfLifeTest" time="0.001"/>
  <testcase name="countSignals2SamePointsTo2()" classname="game.GameOfLifeTest" time="0.001"/>
  <testcase name="getBoundsOnePointDuplicateBehavior()" classname="game.GameOfLifeTest" time="0.001"/>
  <testcase name="blockToBlock21_31_20_23()" classname="game.GameOfLifeTest" time="0.005"/>
  <testcase name="nextGenerationBehaviorFor_1_1_and_1_2_and_2_2()" classname="game.GameOfLifeTest" time="0.0"/>
  <testcase name="nextGenerationBehaviorFor_1_1_and_1_2_and_3_0()" classname="game.GameOfLifeTest" time="0.001"/>
  <testcase name="parsePointsInvalidStringBehavior()" classname="game.GameOfLifeTest" time="0.009"/>
  <testcase name="deadCellBehaviors()" classname="game.GameOfLifeTest" time="0.003"/>
  <system-out><![CDATA[]]></system-out>
  <system-err><![CDATA[]]></system-err>
</testsuite>
